[0319/124110.938:ERROR:installer\mini_installer\util\unbuffered_file_writer.cc:149] Failed to determine physical sector size; assuming 4KiB.
[0319/124127.000:ERROR:installer\mini_installer\setup\install_worker.cc:152] Failed creating a firewall rules. Continuing with install.
[0319/124127.040:VERBOSE1:installer\util\vivaldi_setup_util.cc:445] Initial command line:

"D:\NAVSYS_USB\temp\VivaldiUpdate-5m12_dfellr3tfloamagmq\10480_558393449\setup.exe" --vivaldi-install-dir="C:\Users\Edi\AppData\Local\Vivaldi" --vivaldi-enable-crashlog-uploading=0 --verbose-logging --create-shortcuts=2 --install-level=0
[0319/124127.041:VERBOSE1:installer\util\vivaldi_setup_util.cc:583] Vivaldi: install for current user - install_dir=C:\Users\Edi\AppData\Local\Vivaldi
[0319/124127.041:VERBOSE1:installer\mini_installer\setup\setup_main.cc:1272] Command Line: "D:\NAVSYS_USB\temp\VivaldiUpdate-5m12_dfellr3tfloamagmq\10480_558393449\setup.exe" --vivaldi-install-dir="C:\Users\Edi\AppData\Local\Vivaldi" --vivaldi-enable-crashlog-uploading=0 --verbose-logging --create-shortcuts=2 --install-level=0 --vivaldi-update --vivaldi-install-dir="C:\Users\Edi\AppData\Local\Vivaldi" --vivaldi-enable-crashlog-uploading=0
[0319/124127.041:VERBOSE1:installer\mini_installer\setup\setup_main.cc:1278] system install is 0
[0319/124127.094:VERBOSE1:installer\mini_installer\setup\installer_state.cc:90] Install Chrome
[0319/124127.094:VERBOSE1:installer\mini_installer\util\install_util.cc:258] Windows NT 10.0.19045
[0319/124127.096:VERBOSE1:installer\mini_installer\setup\install.cc:124] Overwriting per-user Desktop "Vivaldi" shortcut to C:\Users\Edi\AppData\Local\Vivaldi\Application\vivaldi.exe.
[0319/124127.098:WARNING:installer\mini_installer\setup\install.cc:122] Failed: Overwriting (maybe the shortcut doesn't exist?) per-user Desktop "Vivaldi" shortcut to C:\Users\Edi\AppData\Local\Vivaldi\Application\vivaldi.exe.
[0319/124127.098:VERBOSE1:installer\mini_installer\setup\install.cc:124] Overwriting per-user Quick Launch "Vivaldi" shortcut to C:\Users\Edi\AppData\Local\Vivaldi\Application\vivaldi.exe.
[0319/124127.214:VERBOSE1:installer\mini_installer\setup\install.cc:124] Overwriting per-user Start menu "Vivaldi" shortcut to C:\Users\Edi\AppData\Local\Vivaldi\Application\vivaldi.exe.
[0319/124127.502:ERROR:installer\mini_installer\util\create_reg_key_work_item.cc:81] Failed to create Software\Microsoft\MediaPlayer\ShimInclusionList\vivaldi.exe
[0319/124127.502:ERROR:installer\mini_installer\setup\install.cc:157] Could not add Chrome to media player inclusion list.
[0319/193011.299:ERROR:installer\mini_installer\util\delete_after_reboot_helper.cc:80] Could not schedule C:\Users\Edi\AppData\Local\Vivaldi\Temp\scoped_dir9180_1826984945\old_vivaldi.exe for deletion.: Access is denied. (0x5)
[0319/193011.299:ERROR:installer\mini_installer\util\delete_after_reboot_helper.cc:136] Failed to schedule file for deletion: C:\Users\Edi\AppData\Local\Vivaldi\Temp\scoped_dir9180_1826984945\old_vivaldi.exe
[0319/193011.299:ERROR:installer\mini_installer\util\delete_after_reboot_helper.cc:151] Failed to schedule subdirectory for deletion: C:\Users\Edi\AppData\Local\Vivaldi\Temp\scoped_dir9180_1826984945
[0319/193011.409:VERBOSE1:installer\util\vivaldi_setup_util.cc:445] Initial command line:

"C:\Users\Edi\AppData\Local\Vivaldi\Application\7.9.3970.39\Installer\setup.exe" --vivaldi-install-dir="C:\Users\Edi\AppData\Local\Vivaldi" --vivaldi-enable-crashlog-uploading=0 --delete-old-versions --verbose-logging
[0319/193011.424:VERBOSE1:installer\util\vivaldi_setup_util.cc:583] Vivaldi: install for current user - install_dir=C:\Users\Edi\AppData\Local\Vivaldi
[0319/193011.424:VERBOSE1:installer\mini_installer\setup\setup_main.cc:1272] Command Line: "C:\Users\Edi\AppData\Local\Vivaldi\Application\7.9.3970.39\Installer\setup.exe" --vivaldi-install-dir="C:\Users\Edi\AppData\Local\Vivaldi" --vivaldi-enable-crashlog-uploading=0 --delete-old-versions --verbose-logging --vivaldi-update --vivaldi-install-dir="C:\Users\Edi\AppData\Local\Vivaldi" --vivaldi-enable-crashlog-uploading=0
[0319/193011.424:VERBOSE1:installer\mini_installer\setup\setup_main.cc:1278] system install is 0
[0319/193011.479:VERBOSE1:installer\mini_installer\setup\installer_state.cc:90] Install Chrome
[0319/193011.479:VERBOSE1:installer\mini_installer\util\install_util.cc:258] Windows NT 10.0.19045
[0319/193011.481:VERBOSE1:installer\mini_installer\setup\installer_state.cc:90] Install Chrome
[0319/193026.491:WARNING:installer\mini_installer\util\delete_old_versions.cc:93] Attempting to delete stray directory C:\Users\Edi\AppData\Local\Vivaldi\Application\7.8.3925.81
[0319/193026.856:VERBOSE1:installer\mini_installer\setup\setup_main.cc:394] Successfully deleted all old files from --delete-old-versions process.
[0320/230503.683:ERROR:installer\mini_installer\util\delete_after_reboot_helper.cc:80] Could not schedule C:\Users\Edi\AppData\Local\Vivaldi\Temp\scoped_dir20268_129509500\old_vivaldi.exe for deletion.: Access is denied. (0x5)
[0320/230503.686:ERROR:installer\mini_installer\util\delete_after_reboot_helper.cc:136] Failed to schedule file for deletion: C:\Users\Edi\AppData\Local\Vivaldi\Temp\scoped_dir20268_129509500\old_vivaldi.exe
[0320/230503.686:ERROR:installer\mini_installer\util\delete_after_reboot_helper.cc:151] Failed to schedule subdirectory for deletion: C:\Users\Edi\AppData\Local\Vivaldi\Temp\scoped_dir20268_129509500
[0320/230503.805:VERBOSE1:installer\util\vivaldi_setup_util.cc:445] Initial command line:

"C:\Users\Edi\AppData\Local\Vivaldi\Application\7.9.3970.41\Installer\setup.exe" --vivaldi-install-dir="C:\Users\Edi\AppData\Local\Vivaldi" --vivaldi-enable-crashlog-uploading=0 --delete-old-versions --verbose-logging
[0320/230503.805:VERBOSE1:installer\util\vivaldi_setup_util.cc:583] Vivaldi: install for current user - install_dir=C:\Users\Edi\AppData\Local\Vivaldi
[0320/230503.805:VERBOSE1:installer\mini_installer\setup\setup_main.cc:1272] Command Line: "C:\Users\Edi\AppData\Local\Vivaldi\Application\7.9.3970.41\Installer\setup.exe" --vivaldi-install-dir="C:\Users\Edi\AppData\Local\Vivaldi" --vivaldi-enable-crashlog-uploading=0 --delete-old-versions --verbose-logging --vivaldi-update --vivaldi-install-dir="C:\Users\Edi\AppData\Local\Vivaldi" --vivaldi-enable-crashlog-uploading=0
[0320/230503.805:VERBOSE1:installer\mini_installer\setup\setup_main.cc:1278] system install is 0
[0320/230503.857:VERBOSE1:installer\mini_installer\setup\installer_state.cc:90] Install Chrome
[0320/230503.857:VERBOSE1:installer\mini_installer\util\install_util.cc:258] Windows NT 10.0.19045
[0320/230503.860:VERBOSE1:installer\mini_installer\setup\installer_state.cc:90] Install Chrome
[0320/230518.868:WARNING:installer\mini_installer\util\delete_old_versions.cc:93] Attempting to delete stray directory C:\Users\Edi\AppData\Local\Vivaldi\Application\7.9.3970.39
[0320/230519.678:VERBOSE1:installer\mini_installer\setup\setup_main.cc:394] Successfully deleted all old files from --delete-old-versions process.
